- Preparing local Mintlify instance...
✔ Local Mintlify instance is ready. Launching your site...
🌿 Your local preview is available at http://localhost:7000
🌿 Press Ctrl+C any time to stop the local preview.
Page edited:  blog/metal.mdx
Invalid category
Page edited:  blog/metal.mdx
Invalid category
Page edited:  blog/metal.mdx
Invalid category
Page edited:  blog/metal.mdx
Invalid category
Page edited:  blog/metal.mdx
Invalid category
Page edited:  blog/metal.mdx
Invalid category
Page deleted: blog/metal.mdx
New page detected:  blog/gpu.mdx
Invalid category
Page edited:  blog/gpu.mdx
Invalid category
Page edited:  blog/gpu.mdx
Invalid category
- Preparing local Mintlify instance...
✔ Local Mintlify instance is ready. Launching your site...
🌿 Your local preview is available at http://localhost:7000
🌿 Press Ctrl+C any time to stop the local preview.
